<?xml version="1.0" encoding="utf-8"?><testsuites name="pytest tests"><testsuite name="pytest" errors="0" failures="0" skipped="0" tests="17" time="2.487" timestamp="2026-08-28T04:51:53.233497+00:00" hostname="agent-env-f2f5ba7c-df0a-45ee-b569-0c1e34954380"><testcase classname="backend.tests.test_backend" name="test_health" time="0.209" /><testcase classname="backend.tests.test_backend" name="test_register_and_duplicates" time="0.381" /><testcase classname="backend.tests.test_backend" name="test_login_demo" time="0.265" /><testcase classname="backend.tests.test_backend" name="test_login_wrong_password" time="0.270" /><testcase classname="backend.tests.test_backend" name="test_get_me_no_token" time="0.041" /><testcase classname="backend.tests.test_backend" name="test_get_me_with_token" time="0.304" /><testcase classname="backend.tests.test_backend" name="test_patch_me" time="0.088" /><testcase classname="backend.tests.test_backend" name="test_patch_me_username_conflict" time="0.312" /><testcase classname="backend.tests.test_backend" name="test_taxonomy" time="0.041" /><testcase classname="backend.tests.test_backend" name="test_sessions_month" time="0.044" /><testcase classname="backend.tests.test_backend" name="test_sessions_next" time="0.044" /><testcase classname="backend.tests.test_backend" name="test_create_session" time="0.043" /><testcase classname="backend.tests.test_backend" name="test_patch_session" time="0.092" /><testcase classname="backend.tests.test_backend" name="test_patch_session_invalid_id" time="0.092" /><testcase classname="backend.tests.test_backend" name="test_progress_muscle_pecho" time="0.045" /><testcase classname="backend.tests.test_backend" name="test_progress_exercise_press_banca" time="0.044" /><testcase classname="backend.tests.test_backend" name="test_progress_exercise_stagnating" time="0.045" /></testsuite></testsuites>